E:\PROGRAMMING\GRAVWELL 3\GRAVWELL 3\DEBUG\GRAVWELL 3.PCH
E:\PROGRAMMING\GRAVWELL 3\GRAVWELL 3\DEBUG\STDAFX.OBJ
E:\PROGRAMMING\GRAVWELL 3\GRAVWELL 3\DEBUG\VC110.PDB
E:\PROGRAMMING\GRAVWELL 3\GRAVWELL 3\DEBUG\MATERIAL.OBJ
E:\PROGRAMMING\GRAVWELL 3\GRAVWELL 3\DEBUG\MESHCPU.OBJ
E:\PROGRAMMING\GRAVWELL 3\GRAVWELL 3\DEBUG\MESH.OBJ
E:\PROGRAMMING\GRAVWELL 3\GRAVWELL 3\DEBUG\MESHGENERATORHELPER.OBJ
E:\PROGRAMMING\GRAVWELL 3\GRAVWELL 3\DEBUG\MESHMANAGER.OBJ
E:\PROGRAMMING\GRAVWELL 3\GRAVWELL 3\DEBUG\MICROMANAGER.OBJ
E:\PROGRAMMING\GRAVWELL 3\GRAVWELL 3\DEBUG\MICROMANAGERTEST.OBJ
E:\PROGRAMMING\GRAVWELL 3\GRAVWELL 3\DEBUG\MODELMANAGER.OBJ
E:\PROGRAMMING\GRAVWELL 3\GRAVWELL 3\DEBUG\PLANEGENERATOR.OBJ
E:\PROGRAMMING\GRAVWELL 3\GRAVWELL 3\DEBUG\RENDERABLEINSTANCE.OBJ
E:\PROGRAMMING\GRAVWELL 3\GRAVWELL 3\DEBUG\RENDERQUE.OBJ
E:\PROGRAMMING\GRAVWELL 3\GRAVWELL 3\DEBUG\SHADERMANAGER.OBJ
E:\PROGRAMMING\GRAVWELL 3\GRAVWELL 3\DEBUG\MAKEBOX.OBJ
E:\PROGRAMMING\GRAVWELL 3\GRAVWELL 3\DEBUG\MODEL.OBJ
E:\PROGRAMMING\GRAVWELL 3\GRAVWELL 3\DEBUG\MODELBUILDER.OBJ
E:\PROGRAMMING\GRAVWELL 3\GRAVWELL 3\DEBUG\SPHEREGENERATOR.OBJ
E:\PROGRAMMING\GRAVWELL 3\GRAVWELL 3\DEBUG\VERTEXBUFFERMANAGER.OBJ
E:\PROGRAMMING\GRAVWELL 3\GRAVWELL 3\DEBUG\VERTEXSHADERMANAGER.OBJ
E:\PROGRAMMING\GRAVWELL 3\GRAVWELL 3\DEBUG\VERTEXTYPEMANAGER.OBJ
E:\PROGRAMMING\GRAVWELL 3\GRAVWELL 3\DEBUG\WINDOW.OBJ
E:\PROGRAMMING\GRAVWELL 3\GRAVWELL 3\DEBUG\APP.OBJ
E:\PROGRAMMING\GRAVWELL 3\GRAVWELL 3\DEBUG\BOXGENERATOR.OBJ
E:\PROGRAMMING\GRAVWELL 3\GRAVWELL 3\DEBUG\CONSTANTBUFFERARRAYMANAGER.OBJ
E:\PROGRAMMING\GRAVWELL 3\GRAVWELL 3\DEBUG\BUFFERMANAGERHELPERS.OBJ
E:\PROGRAMMING\GRAVWELL 3\GRAVWELL 3\DEBUG\CAMERA.OBJ
E:\PROGRAMMING\GRAVWELL 3\GRAVWELL 3\DEBUG\CONSTANTBUFFERMANAGER.OBJ
E:\PROGRAMMING\GRAVWELL 3\GRAVWELL 3\DEBUG\D3D11.OBJ
E:\PROGRAMMING\GRAVWELL 3\GRAVWELL 3\DEBUG\D3D11APP.OBJ
E:\PROGRAMMING\GRAVWELL 3\GRAVWELL 3\DEBUG\D3DWINDOW.OBJ
E:\PROGRAMMING\GRAVWELL 3\GRAVWELL 3\DEBUG\GENERICHANDLE.OBJ
E:\PROGRAMMING\GRAVWELL 3\GRAVWELL 3\DEBUG\GRAVWELL 3.OBJ
E:\PROGRAMMING\GRAVWELL 3\GRAVWELL 3\DEBUG\INDEXBUFFERMANAGER.OBJ
E:\PROGRAMMING\GRAVWELL 3\GRAVWELL 3\DEBUG\LARGEOBJECTMANAGER.OBJ
E:\PROGRAMMING\GRAVWELL 3\GRAVWELL 3\DEBUG\LOWLEVELTEST.OBJ
E:\PROGRAMMING\GRAVWELL 3\DEBUG\PIXELSHADER.CSO
E:\PROGRAMMING\GRAVWELL 3\DEBUG\PSPOSNORMALUV.CSO
E:\PROGRAMMING\GRAVWELL 3\DEBUG\PSPOSCOLOR.CSO
E:\PROGRAMMING\GRAVWELL 3\DEBUG\PSPOSUV.CSO
E:\PROGRAMMING\GRAVWELL 3\DEBUG\ENGINEVSPOSNORMALUV.CSO
E:\PROGRAMMING\GRAVWELL 3\DEBUG\VSPOSNORMALUV.CSO
E:\PROGRAMMING\GRAVWELL 3\DEBUG\VERTEXSHADER.CSO
E:\PROGRAMMING\GRAVWELL 3\DEBUG\VSPOSCOLOR.CSO
E:\PROGRAMMING\GRAVWELL 3\DEBUG\VSPOSUV.CSO
E:\Programming\Gravwell 3\Debug\PixelShader.cso
E:\Programming\Gravwell 3\Debug\PSPosNormalUV.cso
E:\Programming\Gravwell 3\Debug\PSPosColor.cso
E:\Programming\Gravwell 3\Debug\PSPosUV.cso
E:\Programming\Gravwell 3\Debug\EngineVSPosNormalUV.cso
E:\Programming\Gravwell 3\Debug\VSPosNormalUV.cso
E:\Programming\Gravwell 3\Debug\VertexShader.cso
E:\Programming\Gravwell 3\Debug\VSPosColor.cso
E:\Programming\Gravwell 3\Debug\VSPosUV.cso
E:\PROGRAMMING\GRAVWELL 3\DEBUG\GRAVWELL 3.ILK
E:\PROGRAMMING\GRAVWELL 3\DEBUG\GRAVWELL 3.EXE
E:\PROGRAMMING\GRAVWELL 3\DEBUG\GRAVWELL 3.PDB
E:\PROGRAMMING\GRAVWELL 3\GRAVWELL 3\DEBUG\GRAVWELL 3.RES
E:\Programming\Gravwell 3\Gravwell 3\Debug\App.obj
E:\Programming\Gravwell 3\Gravwell 3\Debug\BoxGenerator.obj
E:\Programming\Gravwell 3\Gravwell 3\Debug\BufferManagerHelpers.obj
E:\Programming\Gravwell 3\Gravwell 3\Debug\Camera.obj
E:\Programming\Gravwell 3\Gravwell 3\Debug\ConstantBufferArrayManager.obj
E:\Programming\Gravwell 3\Gravwell 3\Debug\ConstantBufferManager.obj
E:\Programming\Gravwell 3\Gravwell 3\Debug\D3D11.obj
E:\Programming\Gravwell 3\Gravwell 3\Debug\D3D11App.obj
E:\Programming\Gravwell 3\Gravwell 3\Debug\D3DWindow.obj
E:\Programming\Gravwell 3\Gravwell 3\Debug\GenericHandle.obj
E:\Programming\Gravwell 3\Gravwell 3\Debug\Gravwell 3.obj
E:\Programming\Gravwell 3\Gravwell 3\Debug\IndexBufferManager.obj
E:\Programming\Gravwell 3\Gravwell 3\Debug\LargeObjectManager.obj
E:\Programming\Gravwell 3\Gravwell 3\Debug\LowLevelTest.obj
E:\Programming\Gravwell 3\Gravwell 3\Debug\MakeBox.obj
E:\Programming\Gravwell 3\Gravwell 3\Debug\Material.obj
E:\Programming\Gravwell 3\Gravwell 3\Debug\Mesh.obj
E:\Programming\Gravwell 3\Gravwell 3\Debug\MeshCPU.obj
E:\Programming\Gravwell 3\Gravwell 3\Debug\MeshGeneratorHelper.obj
E:\Programming\Gravwell 3\Gravwell 3\Debug\MeshManager.obj
E:\Programming\Gravwell 3\Gravwell 3\Debug\MicroManager.obj
E:\Programming\Gravwell 3\Gravwell 3\Debug\MicroManagerTest.obj
E:\Programming\Gravwell 3\Gravwell 3\Debug\Model.obj
E:\Programming\Gravwell 3\Gravwell 3\Debug\ModelBuilder.obj
E:\Programming\Gravwell 3\Gravwell 3\Debug\ModelManager.obj
E:\Programming\Gravwell 3\Gravwell 3\Debug\PlaneGenerator.obj
E:\Programming\Gravwell 3\Gravwell 3\Debug\RenderableInstance.obj
E:\Programming\Gravwell 3\Gravwell 3\Debug\RenderQue.obj
E:\Programming\Gravwell 3\Gravwell 3\Debug\ShaderManager.obj
E:\Programming\Gravwell 3\Gravwell 3\Debug\SphereGenerator.obj
E:\Programming\Gravwell 3\Gravwell 3\Debug\stdafx.obj
E:\Programming\Gravwell 3\Gravwell 3\Debug\VertexBufferManager.obj
E:\Programming\Gravwell 3\Gravwell 3\Debug\VertexShaderManager.obj
E:\Programming\Gravwell 3\Gravwell 3\Debug\VertexTypeManager.obj
E:\Programming\Gravwell 3\Gravwell 3\Debug\Window.obj
E:\Programming\Gravwell 3\Gravwell 3\Debug\cl.command.1.tlog
E:\Programming\Gravwell 3\Gravwell 3\Debug\CL.read.1.tlog
E:\Programming\Gravwell 3\Gravwell 3\Debug\CL.write.1.tlog
E:\Programming\Gravwell 3\Gravwell 3\Debug\FXC.command.1.tlog
E:\Programming\Gravwell 3\Gravwell 3\Debug\fxc.read.1.tlog
E:\Programming\Gravwell 3\Gravwell 3\Debug\fxc.write.1.tlog
E:\Programming\Gravwell 3\Gravwell 3\Debug\Gravwell 3.write.1.tlog
E:\Programming\Gravwell 3\Gravwell 3\Debug\link-cvtres.read.1.tlog
E:\Programming\Gravwell 3\Gravwell 3\Debug\link-cvtres.write.1.tlog
E:\Programming\Gravwell 3\Gravwell 3\Debug\link-rc.read.1.tlog
E:\Programming\Gravwell 3\Gravwell 3\Debug\link-rc.write.1.tlog
E:\Programming\Gravwell 3\Gravwell 3\Debug\link.command.1.tlog
E:\Programming\Gravwell 3\Gravwell 3\Debug\link.read.1.tlog
E:\Programming\Gravwell 3\Gravwell 3\Debug\link.write.1.tlog
E:\Programming\Gravwell 3\Gravwell 3\Debug\rc.command.1.tlog
E:\Programming\Gravwell 3\Gravwell 3\Debug\rc.read.1.tlog
E:\Programming\Gravwell 3\Gravwell 3\Debug\rc.write.1.tlog
E:\Programming\Gravwell 3\Gravwell 3\Debug\Gravwell 3.res
E:\Programming\Gravwell 3\Gravwell 3\Debug\Gravwell 3.pch
E:\Programming\Gravwell 3\Gravwell 3\Debug\vc110.idb
E:\Programming\Gravwell 3\Gravwell 3\Debug\vc110.pdb
E:\Programming\Gravwell 3\Debug\Gravwell 3.pdb
E:\Programming\Gravwell 3\Debug\Gravwell 3.exe
E:\Programming\Gravwell 3\Debug\Gravwell 3.ilk
