Build started 1/26/2015 8:46:07 PM.
     1>Project "E:\Programming\Gravwell 3\Gravwell 3\Gravwell 3.vcxproj" on node 2 (Build target(s)).
     1>ClCompile:
         D:\Applications\Visual Studio 2012\VC\bin\CL.exe /c /ZI /nologo /W3 /WX- /sdl /MP /Od /Oy- /D WIN32 /D _DEBUG /D _WINDOWS /D _UNICODE /D UNICODE /Gm /EHsc /RTC1 /MDd /Zp16 /GS /arch:SSE2 /fp:fast /Zc:wchar_t /Zc:forScope /Yu"stdafx.h" /Fp"Debug\Gravwell 3.pch" /Fo"Debug\\" /Fd"Debug\vc110.pdb" /Gd /TP /analyze- /errorReport:prompt IndexBufferManager.cpp
         IndexBufferManager.cpp
       Link:
         D:\Applications\Visual Studio 2012\VC\bin\link.exe /ERRORREPORT:PROMPT /OUT:"E:\Programming\Gravwell 3\Debug\Gravwell 3.exe" /INCREMENTAL /NOLOGO kernel32.lib user32.lib gdi32.lib winspool.lib comdlg32.lib advapi32.lib shell32.lib ole32.lib oleaut32.lib uuid.lib odbc32.lib odbccp32.lib /MANIFEST /MANIFESTUAC:"level='asInvoker' uiAccess='false'" /manifest:embed /DEBUG /PDB:"E:\Programming\Gravwell 3\Debug\Gravwell 3.pdb" /SUBSYSTEM:WINDOWS /TLBID:1 /DYNAMICBASE /NXCOMPAT /IMPLIB:"E:\Programming\Gravwell 3\Debug\Gravwell 3.lib" /MACHINE:X86 "Debug\Gravwell 3.res"
         Debug\App.obj
         Debug\BoxGenerator.obj
         Debug\ConstantBufferArrayManager.obj
         Debug\BufferManagerHelpers.obj
         Debug\Camera.obj
         Debug\ConstantBufferManager.obj
         Debug\D3D11.obj
         Debug\D3D11App.obj
         Debug\D3DWindow.obj
         Debug\GenericHandle.obj
         "Debug\Gravwell 3.obj"
         Debug\IndexBufferManager.obj
         Debug\LargeObjectManager.obj
         Debug\LowLevelTest.obj
         Debug\Material.obj
         Debug\MeshCPU.obj
         Debug\Mesh.obj
         Debug\MeshGeneratorHelper.obj
         Debug\MeshManager.obj
         Debug\MicroManager.obj
         Debug\MicroManagerTest.obj
         Debug\ModelManager.obj
         Debug\PlaneGenerator.obj
         Debug\RenderableInstance.obj
         Debug\RenderQue.obj
         Debug\ShaderManager.obj
         Debug\MakeBox.obj
         Debug\Model.obj
         Debug\ModelBuilder.obj
         Debug\SphereGenerator.obj
         Debug\VertexBufferManager.obj
         Debug\stdafx.obj
         Debug\VertexShaderManager.obj
         Debug\VertexTypeManager.obj
         Debug\Window.obj
         Gravwell 3.vcxproj -> E:\Programming\Gravwell 3\Debug\Gravwell 3.exe
     1>Done Building Project "E:\Programming\Gravwell 3\Gravwell 3\Gravwell 3.vcxproj" (Build target(s)).

Build succeeded.

Time Elapsed 00:00:01.75
